[Thu Feb 26 20:13:24 2026] PHP 8.3.6 Development Server (http://localhost:8000) started
[Thu Feb 26 20:14:01 2026] [::1]:36432 Accepted
[Thu Feb 26 20:14:01 2026] [::1]:36432 [200]: GET /
[Thu Feb 26 20:14:01 2026] [::1]:36432 Closing
[Thu Feb 26 20:14:01 2026] [::1]:36444 Accepted
[Thu Feb 26 20:14:01 2026] [::1]:36444 [200]: GET /assets/StrikeStats.png
[Thu Feb 26 20:14:01 2026] [::1]:36444 Closing
[Thu Feb 26 20:14:02 2026] [::1]:42560 Accepted
[Thu Feb 26 20:14:02 2026] [::1]:42574 Accepted
[Thu Feb 26 20:14:02 2026] [::1]:42578 Accepted
[Thu Feb 26 20:14:02 2026] [::1]:42560 [200]: GET /assets/balls/267.jpg
[Thu Feb 26 20:14:02 2026] [::1]:42574 [200]: GET /assets/balls/171.jpg
[Thu Feb 26 20:14:02 2026] [::1]:42578 [200]: GET /assets/balls/250.jpg
[Thu Feb 26 20:14:02 2026] [::1]:42560 Closing
[Thu Feb 26 20:14:02 2026] [::1]:42574 Closing
[Thu Feb 26 20:14:02 2026] [::1]:42578 Closing
[Thu Feb 26 20:14:03 2026] [::1]:42592 Accepted
[Thu Feb 26 20:14:03 2026] [::1]:42604 Accepted
[Thu Feb 26 20:14:03 2026] [::1]:42616 Accepted
[Thu Feb 26 20:14:03 2026] [::1]:42626 Accepted
[Thu Feb 26 20:14:03 2026] [::1]:42634 Accepted
[Thu Feb 26 20:14:03 2026] [::1]:42650 Accepted
[Thu Feb 26 20:14:03 2026] [::1]:42592 [200]: GET /assets/balls/322.jpg
[Thu Feb 26 20:14:03 2026] [::1]:42604 [200]: GET /assets/balls/319.jpg
[Thu Feb 26 20:14:03 2026] [::1]:42616 [200]: GET /assets/balls/320.jpg
[Thu Feb 26 20:14:03 2026] [::1]:42592 Closing
[Thu Feb 26 20:14:03 2026] [::1]:42604 Closing
[Thu Feb 26 20:14:03 2026] [::1]:42616 Closing
[Thu Feb 26 20:14:03 2026] [::1]:42626 [200]: GET /assets/balls/240.jpg
[Thu Feb 26 20:14:03 2026] [::1]:42626 Closing
[Thu Feb 26 20:14:03 2026] [::1]:42634 [200]: GET /assets/balls/252.jpg
[Thu Feb 26 20:14:03 2026] [::1]:42634 Closing
[Thu Feb 26 20:14:03 2026] [::1]:42650 [200]: GET /assets/balls/130.jpg
[Thu Feb 26 20:14:03 2026] [::1]:42650 Closing
[Thu Feb 26 20:14:03 2026] [::1]:42658 Accepted
[Thu Feb 26 20:14:03 2026] [::1]:42672 Accepted
[Thu Feb 26 20:14:03 2026] [::1]:42686 Accepted
[Thu Feb 26 20:14:03 2026] [::1]:42692 Accepted
[Thu Feb 26 20:14:03 2026] [::1]:42706 Accepted
[Thu Feb 26 20:14:03 2026] [::1]:42658 [200]: GET /assets/balls/356.jpg
[Thu Feb 26 20:14:03 2026] [::1]:42658 Closing
[Thu Feb 26 20:14:03 2026] [::1]:42722 Accepted
[Thu Feb 26 20:14:03 2026] [::1]:42672 [200]: GET /assets/balls/258.jpg
[Thu Feb 26 20:14:03 2026] [::1]:42686 [200]: GET /assets/balls/348.jpg
[Thu Feb 26 20:14:03 2026] [::1]:42692 [200]: GET /assets/balls/226.jpg
[Thu Feb 26 20:14:03 2026] [::1]:42706 [200]: GET /assets/balls/225.jpg
[Thu Feb 26 20:14:03 2026] [::1]:42726 Accepted
[Thu Feb 26 20:14:03 2026] [::1]:42722 [200]: GET /assets/balls/169.jpg
[Thu Feb 26 20:14:03 2026] [::1]:42726 [200]: GET /assets/balls/255.jpg
[Thu Feb 26 20:14:03 2026] [::1]:42672 Closing
[Thu Feb 26 20:14:03 2026] [::1]:42686 Closing
[Thu Feb 26 20:14:03 2026] [::1]:42692 Closing
[Thu Feb 26 20:14:03 2026] [::1]:42706 Closing
[Thu Feb 26 20:14:03 2026] [::1]:42722 Closing
[Thu Feb 26 20:14:03 2026] [::1]:42726 Closing
[Thu Feb 26 20:14:03 2026] [::1]:42734 Accepted
[Thu Feb 26 20:14:03 2026] [::1]:42742 Accepted
[Thu Feb 26 20:14:03 2026] [::1]:42750 Accepted
[Thu Feb 26 20:14:03 2026] [::1]:42754 Accepted
[Thu Feb 26 20:14:03 2026] [::1]:42762 Accepted
[Thu Feb 26 20:14:03 2026] [::1]:42768 Accepted
[Thu Feb 26 20:14:03 2026] [::1]:42734 [200]: GET /assets/balls/238.jpg
[Thu Feb 26 20:14:03 2026] [::1]:42742 [200]: GET /assets/balls/105.jpg
[Thu Feb 26 20:14:03 2026] [::1]:42750 [200]: GET /assets/balls/251.jpg
[Thu Feb 26 20:14:03 2026] [::1]:42734 Closing
[Thu Feb 26 20:14:03 2026] [::1]:42742 Closing
[Thu Feb 26 20:14:03 2026] [::1]:42750 Closing
[Thu Feb 26 20:14:03 2026] [::1]:42754 [200]: GET /assets/balls/249.jpg
[Thu Feb 26 20:14:03 2026] [::1]:42754 Closing
[Thu Feb 26 20:14:03 2026] [::1]:42762 [200]: GET /assets/balls/187.jpg
[Thu Feb 26 20:14:03 2026] [::1]:42768 [200]: GET /assets/balls/189.jpg
[Thu Feb 26 20:14:03 2026] [::1]:42762 Closing
[Thu Feb 26 20:14:03 2026] [::1]:42768 Closing
[Thu Feb 26 20:14:03 2026] [::1]:42776 Accepted
[Thu Feb 26 20:14:03 2026] [::1]:42786 Accepted
[Thu Feb 26 20:14:03 2026] [::1]:42802 Accepted
[Thu Feb 26 20:14:03 2026] [::1]:42808 Accepted
[Thu Feb 26 20:14:03 2026] [::1]:42816 Accepted
[Thu Feb 26 20:14:03 2026] [::1]:42776 [200]: GET /assets/balls/207.jpg
[Thu Feb 26 20:14:03 2026] [::1]:42776 Closing
[Thu Feb 26 20:14:03 2026] [::1]:42820 Accepted
[Thu Feb 26 20:14:03 2026] [::1]:42786 [200]: GET /assets/balls/219.jpg
[Thu Feb 26 20:14:03 2026] [::1]:42802 [200]: GET /assets/balls/347.jpg
[Thu Feb 26 20:14:03 2026] [::1]:42786 Closing
[Thu Feb 26 20:14:03 2026] [::1]:42802 Closing
[Thu Feb 26 20:14:03 2026] [::1]:42808 [200]: GET /assets/balls/233.jpg
[Thu Feb 26 20:14:03 2026] [::1]:42816 [200]: GET /assets/balls/181.jpg
[Thu Feb 26 20:14:03 2026] [::1]:42808 Closing
[Thu Feb 26 20:14:03 2026] [::1]:42816 Closing
[Thu Feb 26 20:14:03 2026] [::1]:42820 [200]: GET /assets/balls/321.jpg
[Thu Feb 26 20:14:03 2026] [::1]:42830 Accepted
[Thu Feb 26 20:14:03 2026] [::1]:42820 Closing
[Thu Feb 26 20:14:03 2026] [::1]:42834 Accepted
[Thu Feb 26 20:14:03 2026] [::1]:42844 Accepted
[Thu Feb 26 20:14:03 2026] [::1]:42854 Accepted
[Thu Feb 26 20:14:03 2026] [::1]:42830 [200]: GET /assets/balls/129.jpg
[Thu Feb 26 20:14:03 2026] [::1]:42862 Accepted
[Thu Feb 26 20:14:03 2026] [::1]:42876 Accepted
[Thu Feb 26 20:14:03 2026] [::1]:42834 [200]: GET /sw.js
[Thu Feb 26 20:14:03 2026] [::1]:42830 Closing
[Thu Feb 26 20:14:03 2026] [::1]:42834 Closing
[Thu Feb 26 20:14:03 2026] [::1]:42844 [200]: GET /assets/balls/366.jpg
[Thu Feb 26 20:14:03 2026] [::1]:42854 [200]: GET /assets/balls/141.jpg
[Thu Feb 26 20:14:03 2026] [::1]:42862 [200]: GET /assets/balls/131.jpg
[Thu Feb 26 20:14:03 2026] [::1]:42884 Accepted
[Thu Feb 26 20:14:03 2026] [::1]:42844 Closing
[Thu Feb 26 20:14:03 2026] [::1]:42854 Closing
[Thu Feb 26 20:14:03 2026] [::1]:42862 Closing
[Thu Feb 26 20:14:03 2026] [::1]:42876 [200]: GET /assets/balls/188.jpg
[Thu Feb 26 20:14:03 2026] [::1]:42876 Closing
[Thu Feb 26 20:14:03 2026] [::1]:42888 Accepted
[Thu Feb 26 20:14:03 2026] [::1]:42884 [200]: GET /assets/balls/102.jpg
[Thu Feb 26 20:14:03 2026] [::1]:42884 Closing
[Thu Feb 26 20:14:03 2026] [::1]:42888 [200]: GET /assets/balls/180.jpg
[Thu Feb 26 20:14:03 2026] [::1]:42888 Closing
[Thu Feb 26 20:14:03 2026] [::1]:42894 Accepted
[Thu Feb 26 20:14:03 2026] [::1]:42898 Accepted
[Thu Feb 26 20:14:03 2026] [::1]:42904 Accepted
[Thu Feb 26 20:14:03 2026] [::1]:42910 Accepted
[Thu Feb 26 20:14:03 2026] [::1]:42894 [200]: GET /assets/balls/220.jpg
[Thu Feb 26 20:14:03 2026] [::1]:42894 Closing
[Thu Feb 26 20:14:03 2026] [::1]:42924 Accepted
[Thu Feb 26 20:14:03 2026] [::1]:42898 [200]: GET /assets/balls/253.jpg
[Thu Feb 26 20:14:03 2026] [::1]:42904 [200]: GET /assets/balls/239.jpg
[Thu Feb 26 20:14:03 2026] [::1]:42898 Closing
[Thu Feb 26 20:14:03 2026] [::1]:42910 [200]: GET /assets/balls/208.jpg
[Thu Feb 26 20:14:03 2026] [::1]:42904 Closing
[Thu Feb 26 20:14:03 2026] [::1]:42910 Closing
[Thu Feb 26 20:14:03 2026] [::1]:42928 Accepted
[Thu Feb 26 20:14:03 2026] [::1]:42924 [200]: GET /assets/balls/170.jpg
[Thu Feb 26 20:14:03 2026] [::1]:42924 Closing
[Thu Feb 26 20:14:03 2026] [::1]:42938 Accepted
[Thu Feb 26 20:14:03 2026] [::1]:42928 [200]: GET /assets/balls/168.jpg
[Thu Feb 26 20:14:03 2026] [::1]:42928 Closing
[Thu Feb 26 20:14:03 2026] [::1]:42938 [200]: GET /assets/balls/80.jpg
[Thu Feb 26 20:14:03 2026] [::1]:42938 Closing
[Thu Feb 26 20:14:03 2026] [::1]:42940 Accepted
[Thu Feb 26 20:14:03 2026] [::1]:42944 Accepted
[Thu Feb 26 20:14:03 2026] [::1]:42950 Accepted
[Thu Feb 26 20:14:03 2026] [::1]:42940 [200]: GET /manifest.json
[Thu Feb 26 20:14:03 2026] [::1]:42944 [200]: GET /assets/logo.png
[Thu Feb 26 20:14:03 2026] [::1]:42950 [200]: GET /assets/icon-512.png
[Thu Feb 26 20:14:03 2026] [::1]:42940 Closing
[Thu Feb 26 20:14:03 2026] [::1]:42944 Closing
[Thu Feb 26 20:14:03 2026] [::1]:42950 Closing
[Thu Feb 26 20:15:01 2026] [::1]:39672 Accepted
[Thu Feb 26 20:15:01 2026] [::1]:39672 [200]: GET /
[Thu Feb 26 20:15:01 2026] [::1]:39672 Closing
[Thu Feb 26 20:15:01 2026] [::1]:39684 Accepted
[Thu Feb 26 20:15:01 2026] [::1]:39684 [200]: GET /assets/StrikeStats.png
[Thu Feb 26 20:15:01 2026] [::1]:39684 Closing
[Thu Feb 26 20:15:02 2026] [::1]:39700 Accepted
[Thu Feb 26 20:15:02 2026] [::1]:39708 Accepted
[Thu Feb 26 20:15:02 2026] [::1]:39724 Accepted
[Thu Feb 26 20:15:02 2026] [::1]:39700 [200]: GET /assets/balls/267.jpg
[Thu Feb 26 20:15:02 2026] [::1]:39708 [200]: GET /assets/balls/171.jpg
[Thu Feb 26 20:15:02 2026] [::1]:39724 [200]: GET /assets/balls/250.jpg
[Thu Feb 26 20:15:02 2026] [::1]:39700 Closing
[Thu Feb 26 20:15:02 2026] [::1]:39708 Closing
[Thu Feb 26 20:15:02 2026] [::1]:39724 Closing
[Thu Feb 26 20:15:02 2026] [::1]:39734 Accepted
[Thu Feb 26 20:15:02 2026] [::1]:39744 Accepted
[Thu Feb 26 20:15:02 2026] [::1]:39756 Accepted
[Thu Feb 26 20:15:02 2026] [::1]:39764 Accepted
[Thu Feb 26 20:15:02 2026] [::1]:39770 Accepted
[Thu Feb 26 20:15:02 2026] [::1]:39778 Accepted
[Thu Feb 26 20:15:02 2026] [::1]:39734 [200]: GET /assets/balls/322.jpg
[Thu Feb 26 20:15:02 2026] [::1]:39744 [200]: GET /assets/balls/319.jpg
[Thu Feb 26 20:15:02 2026] [::1]:39756 [200]: GET /assets/balls/320.jpg
[Thu Feb 26 20:15:02 2026] [::1]:39734 Closing
[Thu Feb 26 20:15:02 2026] [::1]:39744 Closing
[Thu Feb 26 20:15:02 2026] [::1]:39756 Closing
[Thu Feb 26 20:15:02 2026] [::1]:39764 [200]: GET /assets/balls/240.jpg
[Thu Feb 26 20:15:02 2026] [::1]:39764 Closing
[Thu Feb 26 20:15:02 2026] [::1]:39770 [200]: GET /assets/balls/252.jpg
[Thu Feb 26 20:15:02 2026] [::1]:39770 Closing
[Thu Feb 26 20:15:02 2026] [::1]:39778 [200]: GET /assets/balls/130.jpg
[Thu Feb 26 20:15:02 2026] [::1]:39778 Closing
[Thu Feb 26 20:15:02 2026] [::1]:39786 Accepted
[Thu Feb 26 20:15:02 2026] [::1]:39798 Accepted
[Thu Feb 26 20:15:02 2026] [::1]:39806 Accepted
[Thu Feb 26 20:15:02 2026] [::1]:39816 Accepted
[Thu Feb 26 20:15:02 2026] [::1]:39786 [200]: GET /assets/balls/356.jpg
[Thu Feb 26 20:15:02 2026] [::1]:39798 [200]: GET /assets/balls/258.jpg
[Thu Feb 26 20:15:02 2026] [::1]:39832 Accepted
[Thu Feb 26 20:15:02 2026] [::1]:39806 [200]: GET /assets/balls/348.jpg
[Thu Feb 26 20:15:02 2026] [::1]:39816 [200]: GET /sw.js
[Thu Feb 26 20:15:02 2026] [::1]:39838 Accepted
[Thu Feb 26 20:15:02 2026] [::1]:39832 [200]: GET /assets/balls/226.jpg
[Thu Feb 26 20:15:02 2026] [::1]:39786 Closing
[Thu Feb 26 20:15:02 2026] [::1]:39798 Closing
[Thu Feb 26 20:15:02 2026] [::1]:39838 [200]: GET /assets/balls/225.jpg
[Thu Feb 26 20:15:02 2026] [::1]:39806 Closing
[Thu Feb 26 20:15:02 2026] [::1]:39816 Closing
[Thu Feb 26 20:15:02 2026] [::1]:39832 Closing
[Thu Feb 26 20:15:02 2026] [::1]:39838 Closing
[Thu Feb 26 20:15:02 2026] [::1]:39844 Accepted
[Thu Feb 26 20:15:02 2026] [::1]:39858 Accepted
[Thu Feb 26 20:15:02 2026] [::1]:39844 [200]: GET /assets/balls/169.jpg
[Thu Feb 26 20:15:02 2026] [::1]:39844 Closing
[Thu Feb 26 20:15:02 2026] [::1]:39866 Accepted
[Thu Feb 26 20:15:02 2026] [::1]:39870 Accepted
[Thu Feb 26 20:15:02 2026] [::1]:39886 Accepted
[Thu Feb 26 20:15:02 2026] [::1]:39888 Accepted
[Thu Feb 26 20:15:02 2026] [::1]:39858 [200]: GET /assets/balls/255.jpg
[Thu Feb 26 20:15:02 2026] [::1]:39858 Closing
[Thu Feb 26 20:15:02 2026] [::1]:39866 [200]: GET /assets/balls/238.jpg
[Thu Feb 26 20:15:02 2026] [::1]:39870 [200]: GET /assets/balls/105.jpg
[Thu Feb 26 20:15:02 2026] [::1]:39886 [200]: GET /assets/balls/251.jpg
[Thu Feb 26 20:15:02 2026] [::1]:39888 [200]: GET /assets/balls/249.jpg
[Thu Feb 26 20:15:02 2026] [::1]:39866 Closing
[Thu Feb 26 20:15:02 2026] [::1]:39870 Closing
[Thu Feb 26 20:15:02 2026] [::1]:39886 Closing
[Thu Feb 26 20:15:02 2026] [::1]:39888 Closing
[Thu Feb 26 20:15:02 2026] [::1]:39894 Accepted
[Thu Feb 26 20:15:02 2026] [::1]:39900 Accepted
[Thu Feb 26 20:15:02 2026] [::1]:39894 [200]: GET /assets/balls/187.jpg
[Thu Feb 26 20:15:02 2026] [::1]:39894 Closing
[Thu Feb 26 20:15:02 2026] [::1]:39900 [200]: GET /assets/balls/189.jpg
[Thu Feb 26 20:15:02 2026] [::1]:39900 Closing
[Thu Feb 26 20:15:02 2026] [::1]:39904 Accepted
[Thu Feb 26 20:15:02 2026] [::1]:39916 Accepted
[Thu Feb 26 20:15:02 2026] [::1]:39920 Accepted
[Thu Feb 26 20:15:02 2026] [::1]:39936 Accepted
[Thu Feb 26 20:15:02 2026] [::1]:39942 Accepted
[Thu Feb 26 20:15:02 2026] [::1]:39904 [200]: GET /assets/balls/207.jpg
[Thu Feb 26 20:15:02 2026] [::1]:39916 [200]: GET /assets/balls/219.jpg
[Thu Feb 26 20:15:02 2026] [::1]:39920 [200]: GET /assets/balls/347.jpg
[Thu Feb 26 20:15:02 2026] [::1]:39936 [200]: GET /assets/balls/233.jpg
[Thu Feb 26 20:15:02 2026] [::1]:39904 Closing
[Thu Feb 26 20:15:02 2026] [::1]:39916 Closing
[Thu Feb 26 20:15:02 2026] [::1]:39920 Closing
[Thu Feb 26 20:15:02 2026] [::1]:39936 Closing
[Thu Feb 26 20:15:02 2026] [::1]:39952 Accepted
[Thu Feb 26 20:15:02 2026] [::1]:39942 [200]: GET /manifest.json
[Thu Feb 26 20:15:02 2026] [::1]:39942 Closing
[Thu Feb 26 20:15:02 2026] [::1]:39966 Accepted
[Thu Feb 26 20:15:02 2026] [::1]:39976 Accepted
[Thu Feb 26 20:15:02 2026] [::1]:39982 Accepted
[Thu Feb 26 20:15:02 2026] [::1]:39952 [200]: GET /assets/logo.png
[Thu Feb 26 20:15:02 2026] [::1]:39998 Accepted
[Thu Feb 26 20:15:02 2026] [::1]:39952 Closing
[Thu Feb 26 20:15:02 2026] [::1]:40002 Accepted
[Thu Feb 26 20:15:02 2026] [::1]:39966 [200]: GET /assets/icon-512.png
[Thu Feb 26 20:15:02 2026] [::1]:39976 [200]: GET /assets/balls/181.jpg
[Thu Feb 26 20:15:02 2026] [::1]:39982 [200]: GET /assets/balls/321.jpg
[Thu Feb 26 20:15:02 2026] [::1]:39998 [200]: GET /assets/balls/129.jpg
[Thu Feb 26 20:15:02 2026] [::1]:40002 [200]: GET /assets/balls/366.jpg
[Thu Feb 26 20:15:02 2026] [::1]:39976 Closing
[Thu Feb 26 20:15:02 2026] [::1]:39982 Closing
[Thu Feb 26 20:15:02 2026] [::1]:39998 Closing
[Thu Feb 26 20:15:02 2026] [::1]:40002 Closing
[Thu Feb 26 20:15:02 2026] [::1]:39966 Closing
[Thu Feb 26 20:15:02 2026] [::1]:40014 Accepted
[Thu Feb 26 20:15:02 2026] [::1]:40018 Accepted
[Thu Feb 26 20:15:02 2026] [::1]:40014 [200]: GET /assets/balls/141.jpg
[Thu Feb 26 20:15:02 2026] [::1]:40018 [200]: GET /assets/balls/131.jpg
[Thu Feb 26 20:15:02 2026] [::1]:40014 Closing
[Thu Feb 26 20:15:02 2026] [::1]:40018 Closing
[Thu Feb 26 20:15:02 2026] [::1]:40030 Accepted
[Thu Feb 26 20:15:02 2026] [::1]:40034 Accepted
[Thu Feb 26 20:15:02 2026] [::1]:40044 Accepted
[Thu Feb 26 20:15:02 2026] [::1]:40054 Accepted
[Thu Feb 26 20:15:02 2026] [::1]:40030 [200]: GET /assets/balls/188.jpg
[Thu Feb 26 20:15:02 2026] [::1]:40030 Closing
[Thu Feb 26 20:15:02 2026] [::1]:40034 [200]: GET /assets/balls/102.jpg
[Thu Feb 26 20:15:02 2026] [::1]:40034 Closing
[Thu Feb 26 20:15:02 2026] [::1]:40044 [200]: GET /assets/balls/180.jpg
[Thu Feb 26 20:15:02 2026] [::1]:40044 Closing
[Thu Feb 26 20:15:02 2026] [::1]:40054 [200]: GET /assets/balls/220.jpg
[Thu Feb 26 20:15:02 2026] [::1]:40054 Closing
[Thu Feb 26 20:15:02 2026] [::1]:40064 Accepted
[Thu Feb 26 20:15:02 2026] [::1]:40080 Accepted
[Thu Feb 26 20:15:02 2026] [::1]:40064 [200]: GET /assets/balls/253.jpg
[Thu Feb 26 20:15:02 2026] [::1]:40094 Accepted
[Thu Feb 26 20:15:02 2026] [::1]:40080 [200]: GET /assets/balls/239.jpg
[Thu Feb 26 20:15:02 2026] [::1]:40098 Accepted
[Thu Feb 26 20:15:02 2026] [::1]:40094 [200]: GET /assets/balls/208.jpg
[Thu Feb 26 20:15:02 2026] [::1]:40100 Accepted
[Thu Feb 26 20:15:02 2026] [::1]:40064 Closing
[Thu Feb 26 20:15:02 2026] [::1]:40098 [200]: GET /assets/balls/170.jpg
[Thu Feb 26 20:15:02 2026] [::1]:40108 Accepted
[Thu Feb 26 20:15:02 2026] [::1]:40080 Closing
[Thu Feb 26 20:15:02 2026] [::1]:40094 Closing
[Thu Feb 26 20:15:02 2026] [::1]:40098 Closing
[Thu Feb 26 20:15:02 2026] [::1]:40100 [200]: GET /assets/balls/168.jpg
[Thu Feb 26 20:15:02 2026] [::1]:40100 Closing
[Thu Feb 26 20:15:02 2026] [::1]:40108 [200]: GET /assets/balls/80.jpg
[Thu Feb 26 20:15:02 2026] [::1]:40108 Closing
[Thu Feb 26 20:15:06 2026] [::1]:55400 Accepted
[Thu Feb 26 20:15:06 2026] [::1]:55414 Accepted
[Thu Feb 26 20:15:06 2026] [::1]:55424 Accepted
[Thu Feb 26 20:15:06 2026] [::1]:55432 Accepted
[Thu Feb 26 20:15:06 2026] [::1]:55400 [200]: GET /assets/balls/186.jpg
[Thu Feb 26 20:15:06 2026] [::1]:55414 [200]: GET /assets/balls/184.jpg
[Thu Feb 26 20:15:06 2026] [::1]:55438 Accepted
[Thu Feb 26 20:15:06 2026] [::1]:55400 Closing
[Thu Feb 26 20:15:06 2026] [::1]:55414 Closing
[Thu Feb 26 20:15:06 2026] [::1]:55424 [200]: GET /assets/balls/185.jpg
[Thu Feb 26 20:15:06 2026] [::1]:55424 Closing
[Thu Feb 26 20:15:06 2026] [::1]:55432 [200]: GET /assets/balls/56.jpg
[Thu Feb 26 20:15:06 2026] [::1]:55432 Closing
[Thu Feb 26 20:15:06 2026] [::1]:55438 [200]: GET /assets/balls/183.jpg
[Thu Feb 26 20:15:06 2026] [::1]:55438 Closing
[Thu Feb 26 20:15:57 2026] [::1]:50696 Accepted
[Thu Feb 26 20:15:57 2026] [::1]:50696 [200]: GET /
[Thu Feb 26 20:15:57 2026] [::1]:50696 Closing
[Thu Feb 26 20:15:57 2026] [::1]:50712 Accepted
[Thu Feb 26 20:15:57 2026] [::1]:50712 [200]: GET /assets/StrikeStats.png
[Thu Feb 26 20:15:57 2026] [::1]:50712 Closing
[Thu Feb 26 20:15:57 2026] [::1]:50724 Accepted
[Thu Feb 26 20:15:57 2026] [::1]:50738 Accepted
[Thu Feb 26 20:15:57 2026] [::1]:50740 Accepted
[Thu Feb 26 20:15:57 2026] [::1]:50724 [200]: GET /assets/balls/267.jpg
[Thu Feb 26 20:15:57 2026] [::1]:50738 [200]: GET /assets/balls/171.jpg
[Thu Feb 26 20:15:57 2026] [::1]:50740 [200]: GET /assets/balls/250.jpg
[Thu Feb 26 20:15:57 2026] [::1]:50724 Closing
[Thu Feb 26 20:15:57 2026] [::1]:50738 Closing
[Thu Feb 26 20:15:57 2026] [::1]:50740 Closing
[Thu Feb 26 20:15:58 2026] [::1]:50742 Accepted
[Thu Feb 26 20:15:58 2026] [::1]:50756 Accepted
[Thu Feb 26 20:15:58 2026] [::1]:50760 Accepted
[Thu Feb 26 20:15:58 2026] [::1]:50776 Accepted
[Thu Feb 26 20:15:58 2026] [::1]:50778 Accepted
[Thu Feb 26 20:15:58 2026] [::1]:50794 Accepted
[Thu Feb 26 20:15:58 2026] [::1]:50742 [200]: GET /assets/balls/322.jpg
[Thu Feb 26 20:15:58 2026] [::1]:50756 [200]: GET /assets/balls/319.jpg
[Thu Feb 26 20:15:58 2026] [::1]:50760 [200]: GET /assets/balls/320.jpg
[Thu Feb 26 20:15:58 2026] [::1]:50776 [200]: GET /assets/balls/240.jpg
[Thu Feb 26 20:15:58 2026] [::1]:50778 [200]: GET /assets/balls/252.jpg
[Thu Feb 26 20:15:58 2026] [::1]:50742 Closing
[Thu Feb 26 20:15:58 2026] [::1]:50756 Closing
[Thu Feb 26 20:15:58 2026] [::1]:50760 Closing
[Thu Feb 26 20:15:58 2026] [::1]:50776 Closing
[Thu Feb 26 20:15:58 2026] [::1]:50778 Closing
[Thu Feb 26 20:15:58 2026] [::1]:50794 [200]: GET /assets/balls/130.jpg
[Thu Feb 26 20:15:58 2026] [::1]:50794 Closing
[Thu Feb 26 20:15:58 2026] [::1]:50806 Accepted
[Thu Feb 26 20:15:58 2026] [::1]:50818 Accepted
[Thu Feb 26 20:15:58 2026] [::1]:50820 Accepted
[Thu Feb 26 20:15:58 2026] [::1]:50834 Accepted
[Thu Feb 26 20:15:58 2026] [::1]:50846 Accepted
[Thu Feb 26 20:15:58 2026] [::1]:50856 Accepted
[Thu Feb 26 20:15:58 2026] [::1]:50806 [200]: GET /assets/balls/356.jpg
[Thu Feb 26 20:15:58 2026] [::1]:50806 Closing
[Thu Feb 26 20:15:58 2026] [::1]:50818 [200]: GET /assets/balls/258.jpg
[Thu Feb 26 20:15:58 2026] [::1]:50818 Closing
[Thu Feb 26 20:15:58 2026] [::1]:50820 [200]: GET /assets/balls/348.jpg
[Thu Feb 26 20:15:58 2026] [::1]:50820 Closing
[Thu Feb 26 20:15:58 2026] [::1]:50834 [200]: GET /assets/balls/226.jpg
[Thu Feb 26 20:15:58 2026] [::1]:50834 Closing
[Thu Feb 26 20:15:58 2026] [::1]:50846 [200]: GET /assets/balls/225.jpg
[Thu Feb 26 20:15:58 2026] [::1]:50846 Closing
[Thu Feb 26 20:15:58 2026] [::1]:50856 [200]: GET /assets/balls/169.jpg
[Thu Feb 26 20:15:58 2026] [::1]:50856 Closing
[Thu Feb 26 20:15:58 2026] [::1]:50858 Accepted
[Thu Feb 26 20:15:58 2026] [::1]:50862 Accepted
[Thu Feb 26 20:15:58 2026] [::1]:50858 [200]: GET /sw.js
[Thu Feb 26 20:15:58 2026] [::1]:50864 Accepted
[Thu Feb 26 20:15:58 2026] [::1]:50862 [200]: GET /assets/balls/255.jpg
[Thu Feb 26 20:15:58 2026] [::1]:50866 Accepted
[Thu Feb 26 20:15:58 2026] [::1]:50864 [200]: GET /assets/balls/238.jpg
[Thu Feb 26 20:15:58 2026] [::1]:50870 Accepted
[Thu Feb 26 20:15:58 2026] [::1]:50858 Closing
[Thu Feb 26 20:15:58 2026] [::1]:50866 [200]: GET /assets/balls/105.jpg
[Thu Feb 26 20:15:58 2026] [::1]:50874 Accepted
[Thu Feb 26 20:15:58 2026] [::1]:50862 Closing
[Thu Feb 26 20:15:58 2026] [::1]:50870 [200]: GET /assets/balls/251.jpg
[Thu Feb 26 20:15:58 2026] [::1]:50874 [200]: GET /assets/balls/249.jpg
[Thu Feb 26 20:15:58 2026] [::1]:50864 Closing
[Thu Feb 26 20:15:58 2026] [::1]:50866 Closing
[Thu Feb 26 20:15:58 2026] [::1]:50870 Closing
[Thu Feb 26 20:15:58 2026] [::1]:50874 Closing
[Thu Feb 26 20:15:58 2026] [::1]:50890 Accepted
[Thu Feb 26 20:15:58 2026] [::1]:50890 [200]: GET /assets/balls/187.jpg
[Thu Feb 26 20:15:58 2026] [::1]:50890 Closing
[Thu Feb 26 20:15:58 2026] [::1]:50906 Accepted
[Thu Feb 26 20:15:58 2026] [::1]:50918 Accepted
[Thu Feb 26 20:15:58 2026] [::1]:50924 Accepted
[Thu Feb 26 20:15:58 2026] [::1]:50932 Accepted
[Thu Feb 26 20:15:58 2026] [::1]:50936 Accepted
[Thu Feb 26 20:15:58 2026] [::1]:50906 [200]: GET /assets/balls/189.jpg
[Thu Feb 26 20:15:58 2026] [::1]:50906 Closing
[Thu Feb 26 20:15:58 2026] [::1]:50918 [200]: GET /assets/balls/207.jpg
[Thu Feb 26 20:15:58 2026] [::1]:50918 Closing
[Thu Feb 26 20:15:58 2026] [::1]:50924 [200]: GET /assets/balls/219.jpg
[Thu Feb 26 20:15:58 2026] [::1]:50924 Closing
[Thu Feb 26 20:15:58 2026] [::1]:50932 [200]: GET /assets/balls/347.jpg
[Thu Feb 26 20:15:58 2026] [::1]:50932 Closing
[Thu Feb 26 20:15:58 2026] [::1]:50940 Accepted
[Thu Feb 26 20:15:58 2026] [::1]:50936 [200]: GET /assets/balls/233.jpg
[Thu Feb 26 20:15:58 2026] [::1]:50936 Closing
[Thu Feb 26 20:15:58 2026] [::1]:50948 Accepted
[Thu Feb 26 20:15:58 2026] [::1]:50940 [200]: GET /assets/balls/181.jpg
[Thu Feb 26 20:15:58 2026] [::1]:50952 Accepted
[Thu Feb 26 20:15:58 2026] [::1]:50948 [200]: GET /assets/balls/321.jpg
[Thu Feb 26 20:15:58 2026] [::1]:50956 Accepted
[Thu Feb 26 20:15:58 2026] [::1]:50952 [200]: GET /assets/balls/129.jpg
[Thu Feb 26 20:15:58 2026] [::1]:50966 Accepted
[Thu Feb 26 20:15:58 2026] [::1]:50940 Closing
[Thu Feb 26 20:15:58 2026] [::1]:50956 [200]: GET /assets/balls/366.jpg
[Thu Feb 26 20:15:58 2026] [::1]:50974 Accepted
[Thu Feb 26 20:15:58 2026] [::1]:50948 Closing
[Thu Feb 26 20:15:58 2026] [::1]:50966 [200]: GET /assets/balls/141.jpg
[Thu Feb 26 20:15:58 2026] [::1]:50974 [200]: GET /assets/balls/131.jpg
[Thu Feb 26 20:15:58 2026] [::1]:50952 Closing
[Thu Feb 26 20:15:58 2026] [::1]:50956 Closing
[Thu Feb 26 20:15:58 2026] [::1]:50966 Closing
[Thu Feb 26 20:15:58 2026] [::1]:50974 Closing
[Thu Feb 26 20:15:58 2026] [::1]:50988 Accepted
[Thu Feb 26 20:15:58 2026] [::1]:51000 Accepted
[Thu Feb 26 20:15:58 2026] [::1]:51014 Accepted
[Thu Feb 26 20:15:58 2026] [::1]:51016 Accepted
[Thu Feb 26 20:15:58 2026] [::1]:51026 Accepted
[Thu Feb 26 20:15:58 2026] [::1]:51032 Accepted
[Thu Feb 26 20:15:58 2026] [::1]:50988 [200]: GET /manifest.json
[Thu Feb 26 20:15:58 2026] [::1]:50988 Closing
[Thu Feb 26 20:15:58 2026] [::1]:51000 [200]: GET /assets/logo.png
[Thu Feb 26 20:15:58 2026] [::1]:51000 Closing
[Thu Feb 26 20:15:58 2026] [::1]:51014 [200]: GET /assets/icon-512.png
[Thu Feb 26 20:15:58 2026] [::1]:51014 Closing
[Thu Feb 26 20:15:58 2026] [::1]:51016 [200]: GET /assets/balls/188.jpg
[Thu Feb 26 20:15:58 2026] [::1]:51016 Closing
[Thu Feb 26 20:15:58 2026] [::1]:51042 Accepted
[Thu Feb 26 20:15:58 2026] [::1]:51026 [200]: GET /assets/balls/102.jpg
[Thu Feb 26 20:15:58 2026] [::1]:51026 Closing
[Thu Feb 26 20:15:58 2026] [::1]:51032 [200]: GET /assets/balls/180.jpg
[Thu Feb 26 20:15:58 2026] [::1]:51032 Closing
[Thu Feb 26 20:15:58 2026] [::1]:51058 Accepted
[Thu Feb 26 20:15:58 2026] [::1]:51042 [200]: GET /assets/balls/220.jpg
[Thu Feb 26 20:15:58 2026] [::1]:51042 Closing
[Thu Feb 26 20:15:58 2026] [::1]:51064 Accepted
[Thu Feb 26 20:15:58 2026] [::1]:51078 Accepted
[Thu Feb 26 20:15:58 2026] [::1]:51084 Accepted
[Thu Feb 26 20:15:58 2026] [::1]:51088 Accepted
[Thu Feb 26 20:15:58 2026] [::1]:51058 [200]: GET /assets/balls/253.jpg
[Thu Feb 26 20:15:58 2026] [::1]:51058 Closing
[Thu Feb 26 20:15:58 2026] [::1]:51064 [200]: GET /assets/balls/239.jpg
[Thu Feb 26 20:15:58 2026] [::1]:51064 Closing
[Thu Feb 26 20:15:58 2026] [::1]:51078 [200]: GET /assets/balls/208.jpg
[Thu Feb 26 20:15:58 2026] [::1]:51078 Closing
[Thu Feb 26 20:15:58 2026] [::1]:51100 Accepted
[Thu Feb 26 20:15:58 2026] [::1]:51084 [200]: GET /assets/balls/170.jpg
[Thu Feb 26 20:15:58 2026] [::1]:51084 Closing
[Thu Feb 26 20:15:58 2026] [::1]:51088 [200]: GET /assets/balls/168.jpg
[Thu Feb 26 20:15:58 2026] [::1]:51088 Closing
[Thu Feb 26 20:15:58 2026] [::1]:51100 [200]: GET /assets/balls/80.jpg
[Thu Feb 26 20:15:58 2026] [::1]:51100 Closing
[Thu Feb 26 20:16:01 2026] [::1]:51104 Accepted
[Thu Feb 26 20:16:01 2026] [::1]:51120 Accepted
[Thu Feb 26 20:16:01 2026] [::1]:51128 Accepted
[Thu Feb 26 20:16:01 2026] [::1]:51144 Accepted
[Thu Feb 26 20:16:01 2026] [::1]:51150 Accepted
[Thu Feb 26 20:16:01 2026] [::1]:51104 [200]: GET /assets/balls/186.jpg
[Thu Feb 26 20:16:01 2026] [::1]:51120 [200]: GET /assets/balls/184.jpg
[Thu Feb 26 20:16:01 2026] [::1]:51128 [200]: GET /assets/balls/185.jpg
[Thu Feb 26 20:16:01 2026] [::1]:51144 [200]: GET /assets/balls/56.jpg
[Thu Feb 26 20:16:01 2026] [::1]:51150 [200]: GET /assets/balls/183.jpg
[Thu Feb 26 20:16:01 2026] [::1]:51104 Closing
[Thu Feb 26 20:16:01 2026] [::1]:51120 Closing
[Thu Feb 26 20:16:01 2026] [::1]:51128 Closing
[Thu Feb 26 20:16:01 2026] [::1]:51144 Closing
[Thu Feb 26 20:16:01 2026] [::1]:51150 Closing
[Thu Feb 26 20:16:07 2026] [::1]:55106 Accepted
[Thu Feb 26 20:16:07 2026] [::1]:55106 [200]: GET /assets/balls/232.jpg
[Thu Feb 26 20:16:07 2026] [::1]:55106 Closing
[Thu Feb 26 20:16:07 2026] [::1]:55118 Accepted
[Thu Feb 26 20:16:07 2026] [::1]:55118 [200]: GET /assets/balls/235.jpg
[Thu Feb 26 20:16:07 2026] [::1]:55118 Closing
[Thu Feb 26 20:16:07 2026] [::1]:55132 Accepted
[Thu Feb 26 20:16:07 2026] [::1]:55136 Accepted
[Thu Feb 26 20:16:07 2026] [::1]:55132 [200]: GET /assets/balls/224.jpg
[Thu Feb 26 20:16:07 2026] [::1]:55132 Closing
[Thu Feb 26 20:16:07 2026] [::1]:55136 [200]: GET /assets/balls/221.jpg
[Thu Feb 26 20:16:07 2026] [::1]:55136 Closing
